Info: Starting: Create HDL design files for synthesis
Info: qsys-generate C:\Users\kraan\Desktop\HBO-ICT\Jaar-4\Minor\P2\CSC\reaction_meter\qsys\embedded_system.qsys --synthesis=VHDL --output-directory=C:\Users\kraan\Desktop\HBO-ICT\Jaar-4\Minor\P2\CSC\reaction_meter\qsys\embedded_system\synthesis --family="Cyclone V" --part=5CSEMA5F31C6
Progress: Loading qsys/embedded_system.qsys
Progress: Reading input file
Progress: Adding clk [clock_source 18.1]
Progress: Parameterizing module clk
Progress: Adding jtag [altera_avalon_jtag_uart 18.1]
Progress: Parameterizing module jtag
Progress: Adding memory [altera_avalon_onchip_memory2 18.1]
Progress: Parameterizing module memory
Progress: Adding nios2 [altera_nios2_qsys 16.1]
Progress: Parameterizing module nios2
Progress: Adding response_time_meter_0 [response_time_meter 1.0]
Progress: Parameterizing module response_time_meter_0
Progress: Adding ssd_controller [seven_segment_controller 1.0]
Progress: Parameterizing module ssd_controller
Progress: Adding sysid [altera_avalon_sysid_qsys 18.1]
Progress: Parameterizing module sysid
Progress: Adding timer [altera_avalon_timer 18.1]
Progress: Parameterizing module timer
Progress: Building connections
Progress: Parameterizing connections
Progress: Validating
Progress: Done reading input file
Info: embedded_system.jtag: JTAG UART IP input clock need to be at least double (2x) the operating frequency of JTAG TCK on board
Warning: embedded_system.nios2: Nios II Classic cores are no longer recommended for new projects
Info: embedded_system.sysid: System ID is not assigned automatically. Edit the System ID parameter to provide a unique ID
Info: embedded_system.sysid: Time stamp will be automatically updated when this component is generated.
Info: embedded_system: Generating embedded_system "embedded_system" for QUARTUS_SYNTH
Info: jtag: Starting RTL generation for module 'embedded_system_jtag'
Info: jtag:   Generation command is [exec C:/intelfpga_lite/18.1/quartus/bin64/perl/bin/perl.exe -I C:/intelfpga_lite/18.1/quartus/bin64/perl/lib -I C:/intelfpga_lite/18.1/quartus/sopc_builder/bin/europa -I C:/intelfpga_lite/18.1/quartus/sopc_builder/bin/perl_lib -I C:/intelfpga_lite/18.1/quartus/sopc_builder/bin -I C:/intelfpga_lite/18.1/quartus/../ip/altera/sopc_builder_ip/common -I C:/intelfpga_lite/18.1/quartus/../ip/altera/sopc_builder_ip/altera_avalon_jtag_uart -- C:/intelfpga_lite/18.1/quartus/../ip/altera/sopc_builder_ip/altera_avalon_jtag_uart/generate_rtl.pl --name=embedded_system_jtag --dir=C:/Users/kraan/AppData/Local/Temp/alt8974_2721177876457174758.dir/0005_jtag_gen/ --quartus_dir=C:/intelfpga_lite/18.1/quartus --verilog --config=C:/Users/kraan/AppData/Local/Temp/alt8974_2721177876457174758.dir/0005_jtag_gen//embedded_system_jtag_component_configuration.pl  --do_build_sim=0  ]
Info: jtag: Done RTL generation for module 'embedded_system_jtag'
Info: jtag: "embedded_system" instantiated altera_avalon_jtag_uart "jtag"
Info: memory: Starting RTL generation for module 'embedded_system_memory'
Info: memory:   Generation command is [exec C:/intelfpga_lite/18.1/quartus/bin64/perl/bin/perl.exe -I C:/intelfpga_lite/18.1/quartus/bin64/perl/lib -I C:/intelfpga_lite/18.1/quartus/sopc_builder/bin/europa -I C:/intelfpga_lite/18.1/quartus/sopc_builder/bin/perl_lib -I C:/intelfpga_lite/18.1/quartus/sopc_builder/bin -I C:/intelfpga_lite/18.1/quartus/../ip/altera/sopc_builder_ip/common -I C:/intelfpga_lite/18.1/quartus/../ip/altera/sopc_builder_ip/altera_avalon_onchip_memory2 -- C:/intelfpga_lite/18.1/quartus/../ip/altera/sopc_builder_ip/altera_avalon_onchip_memory2/generate_rtl.pl --name=embedded_system_memory --dir=C:/Users/kraan/AppData/Local/Temp/alt8974_2721177876457174758.dir/0006_memory_gen/ --quartus_dir=C:/intelfpga_lite/18.1/quartus --verilog --config=C:/Users/kraan/AppData/Local/Temp/alt8974_2721177876457174758.dir/0006_memory_gen//embedded_system_memory_component_configuration.pl  --do_build_sim=0  ]
Info: memory: Done RTL generation for module 'embedded_system_memory'
Info: memory: "embedded_system" instantiated altera_avalon_onchip_memory2 "memory"
Info: nios2: Starting RTL generation for module 'embedded_system_nios2'
Info: nios2:   Generation command is [exec C:/intelfpga_lite/18.1/quartus/bin64/eperlcmd.exe -I C:/intelfpga_lite/18.1/quartus/bin64/perl/lib -I C:/intelfpga_lite/18.1/quartus/sopc_builder/bin/europa -I C:/intelfpga_lite/18.1/quartus/sopc_builder/bin/perl_lib -I C:/intelfpga_lite/18.1/quartus/sopc_builder/bin -I C:/intelfpga_lite/18.1/quartus/../ip/altera/nios2_ip/altera_nios2/cpu_lib -I C:/intelfpga_lite/18.1/quartus/../ip/altera/nios2_ip/altera_nios2/nios_lib -I C:/intelfpga_lite/18.1/quartus/../ip/altera/nios2_ip/altera_nios2 -I C:/intelfpga_lite/18.1/quartus/../ip/altera/nios2_ip/altera_nios2 -- C:/intelfpga_lite/18.1/quartus/../ip/altera/nios2_ip/altera_nios2/generate_rtl.epl --name=embedded_system_nios2 --dir=C:/Users/kraan/AppData/Local/Temp/alt8974_2721177876457174758.dir/0007_nios2_gen/ --quartus_bindir=C:/intelfpga_lite/18.1/quartus/bin64 --verilog --config=C:/Users/kraan/AppData/Local/Temp/alt8974_2721177876457174758.dir/0007_nios2_gen//embedded_system_nios2_processor_configuration.pl  --do_build_sim=0  ]
Info: nios2: # 2021.12.13 09:53:16 (*) Starting Nios II generation
Info: nios2: # 2021.12.13 09:53:16 (*)   Checking for plaintext license.
Info: nios2: # 2021.12.13 09:53:17 (*)   Couldn't query license setup in Quartus directory C:/intelfpga_lite/18.1/quartus/bin64
Info: nios2: # 2021.12.13 09:53:17 (*)   Defaulting to contents of LM_LICENSE_FILE environment variable
Info: nios2: # 2021.12.13 09:53:17 (*)   LM_LICENSE_FILE environment variable is empty
Info: nios2: # 2021.12.13 09:53:17 (*)   Plaintext license not found.
Info: nios2: # 2021.12.13 09:53:17 (*)   No license required to generate encrypted Nios II/e.
Info: nios2: # 2021.12.13 09:53:17 (*)   Elaborating CPU configuration settings
Info: nios2: # 2021.12.13 09:53:17 (*)   Creating all objects for CPU
Info: nios2: # 2021.12.13 09:53:18 (*)   Generating RTL from CPU objects
Info: nios2: # 2021.12.13 09:53:18 (*)   Creating plain-text RTL
Info: nios2: # 2021.12.13 09:53:19 (*) Done Nios II generation
Info: nios2: Done RTL generation for module 'embedded_system_nios2'
Info: nios2: "embedded_system" instantiated altera_nios2_qsys "nios2"
Info: response_time_meter_0: "embedded_system" instantiated response_time_meter "response_time_meter_0"
Info: ssd_controller: "embedded_system" instantiated seven_segment_controller "ssd_controller"
Info: sysid: "embedded_system" instantiated altera_avalon_sysid_qsys "sysid"
Info: timer: Starting RTL generation for module 'embedded_system_timer'
Info: timer:   Generation command is [exec C:/intelFPGA_lite/18.1/quartus/bin64//perl/bin/perl.exe -I C:/intelFPGA_lite/18.1/quartus/bin64//perl/lib -I C:/intelfpga_lite/18.1/quartus/sopc_builder/bin/europa -I C:/intelfpga_lite/18.1/quartus/sopc_builder/bin/perl_lib -I C:/intelfpga_lite/18.1/quartus/sopc_builder/bin -I C:/intelfpga_lite/18.1/quartus/../ip/altera/sopc_builder_ip/common -I C:/intelfpga_lite/18.1/quartus/../ip/altera/sopc_builder_ip/altera_avalon_timer -- C:/intelfpga_lite/18.1/quartus/../ip/altera/sopc_builder_ip/altera_avalon_timer/generate_rtl.pl --name=embedded_system_timer --dir=C:/Users/kraan/AppData/Local/Temp/alt8974_2721177876457174758.dir/0011_timer_gen/ --quartus_dir=C:/intelfpga_lite/18.1/quartus --verilog --config=C:/Users/kraan/AppData/Local/Temp/alt8974_2721177876457174758.dir/0011_timer_gen//embedded_system_timer_component_configuration.pl  --do_build_sim=0  ]
Info: timer: Done RTL generation for module 'embedded_system_timer'
Info: timer: "embedded_system" instantiated altera_avalon_timer "timer"
Info: avalon_st_adapter: Inserting error_adapter: error_adapter_0
Info: avalon_st_adapter_001: Inserting error_adapter: error_adapter_0
Info: avalon_st_adapter_002: Inserting error_adapter: error_adapter_0
Info: avalon_st_adapter_003: Inserting error_adapter: error_adapter_0
Info: avalon_st_adapter_004: Inserting error_adapter: error_adapter_0
Info: avalon_st_adapter_005: Inserting error_adapter: error_adapter_0
Info: avalon_st_adapter_006: Inserting error_adapter: error_adapter_0
Info: mm_interconnect_0: "embedded_system" instantiated altera_mm_interconnect "mm_interconnect_0"
Info: irq_mapper: "embedded_system" instantiated altera_irq_mapper "irq_mapper"
Info: rst_controller: "embedded_system" instantiated altera_reset_controller "rst_controller"
Info: nios2_data_master_translator: "mm_interconnect_0" instantiated altera_merlin_master_translator "nios2_data_master_translator"
Info: jtag_avalon_jtag_slave_translator: "mm_interconnect_0" instantiated altera_merlin_slave_translator "jtag_avalon_jtag_slave_translator"
Info: nios2_data_master_agent: "mm_interconnect_0" instantiated altera_merlin_master_agent "nios2_data_master_agent"
Info: jtag_avalon_jtag_slave_agent: "mm_interconnect_0" instantiated altera_merlin_slave_agent "jtag_avalon_jtag_slave_agent"
Info: jtag_avalon_jtag_slave_agent_rsp_fifo: "mm_interconnect_0" instantiated altera_avalon_sc_fifo "jtag_avalon_jtag_slave_agent_rsp_fifo"
Info: router: "mm_interconnect_0" instantiated altera_merlin_router "router"
Info: router_001: "mm_interconnect_0" instantiated altera_merlin_router "router_001"
Info: router_002: "mm_interconnect_0" instantiated altera_merlin_router "router_002"
Info: router_004: "mm_interconnect_0" instantiated altera_merlin_router "router_004"
Info: router_006: "mm_interconnect_0" instantiated altera_merlin_router "router_006"
Info: response_time_meter_0_avalon_slave_0_burst_adapter: "mm_interconnect_0" instantiated altera_merlin_burst_adapter "response_time_meter_0_avalon_slave_0_burst_adapter"
Info: cmd_demux: "mm_interconnect_0" instantiated altera_merlin_demultiplexer "cmd_demux"
Info: cmd_demux_001: "mm_interconnect_0" instantiated altera_merlin_demultiplexer "cmd_demux_001"
Info: cmd_mux: "mm_interconnect_0" instantiated altera_merlin_multiplexer "cmd_mux"
Info: cmd_mux_004: "mm_interconnect_0" instantiated altera_merlin_multiplexer "cmd_mux_004"
Info: Reusing file C:/Users/kraan/Desktop/HBO-ICT/Jaar-4/Minor/P2/CSC/reaction_meter/qsys/embedded_system/synthesis/submodules/altera_merlin_arbitrator.sv
Info: rsp_demux: "mm_interconnect_0" instantiated altera_merlin_demultiplexer "rsp_demux"
Info: rsp_mux: "mm_interconnect_0" instantiated altera_merlin_multiplexer "rsp_mux"
Info: Reusing file C:/Users/kraan/Desktop/HBO-ICT/Jaar-4/Minor/P2/CSC/reaction_meter/qsys/embedded_system/synthesis/submodules/altera_merlin_arbitrator.sv
Info: rsp_mux_001: "mm_interconnect_0" instantiated altera_merlin_multiplexer "rsp_mux_001"
Info: Reusing file C:/Users/kraan/Desktop/HBO-ICT/Jaar-4/Minor/P2/CSC/reaction_meter/qsys/embedded_system/synthesis/submodules/altera_merlin_arbitrator.sv
Info: response_time_meter_0_avalon_slave_0_rsp_width_adapter: "mm_interconnect_0" instantiated altera_merlin_width_adapter "response_time_meter_0_avalon_slave_0_rsp_width_adapter"
Info: Reusing file C:/Users/kraan/Desktop/HBO-ICT/Jaar-4/Minor/P2/CSC/reaction_meter/qsys/embedded_system/synthesis/submodules/altera_merlin_address_alignment.sv
Info: Reusing file C:/Users/kraan/Desktop/HBO-ICT/Jaar-4/Minor/P2/CSC/reaction_meter/qsys/embedded_system/synthesis/submodules/altera_merlin_burst_uncompressor.sv
Info: avalon_st_adapter: "mm_interconnect_0" instantiated altera_avalon_st_adapter "avalon_st_adapter"
Info: avalon_st_adapter_002: "mm_interconnect_0" instantiated altera_avalon_st_adapter "avalon_st_adapter_002"
Info: error_adapter_0: "avalon_st_adapter" instantiated error_adapter "error_adapter_0"
Info: error_adapter_0: "avalon_st_adapter_002" instantiated error_adapter "error_adapter_0"
Info: embedded_system: Done "embedded_system" with 34 modules, 62 files
Info: qsys-generate succeeded.
Info: Finished: Create HDL design files for synthesis
